<?xml version="1.0" encoding="UTF-8"?>
<!-- Generated by org.testng.reporters.JUnitXMLReporter -->
<testsuite ignored="0" hostname="DESKTOP-3KP0749" failures="0" tests="1" name="Test-Runner-2" time="0.387" errors="0" timestamp="2024-01-09T14:25:21 IST">
  <testcase classname="ConatctsTests.CreateContactTest_" name="createContactWithMandatoryInfo" time="0.001">
    <skipped/>
  </testcase> <!-- createContactWithMandatoryInfo -->
</testsuite> <!-- Test-Runner-2 -->
