<?xml version="1.0" encoding="UTF-8"?>
<!-- Generated by org.testng.reporters.JUnitReportReporter -->
<testsuite hostname="DESKTOP-3KP0749" failures="0" tests="1" name="Practice.TestNGPractice" time="0.002" errors="0" timestamp="2024-01-08T11:01:00 IST" skipped="0">
  <testcase classname="Practice.TestNGPractice" name="sample" time="0.002"/>
</testsuite> <!-- Practice.TestNGPractice -->
