<?xml version="1.0" encoding="UTF-8"?>
<!-- Generated by org.testng.reporters.JUnitReportReporter -->
<testsuite hostname="DESKTOP-3KP0749" failures="0" tests="5" name="Practice.TestNGPractice1" time="0.092" errors="0" timestamp="2024-01-08T11:01:00 IST" skipped="0">
  <testcase classname="Practice.TestNGPractice1" name="deleteCustomer" time="0.063"/>
  <testcase classname="Practice.TestNGPractice1" name="createCustomer" time="0.006"/>
  <testcase classname="Practice.TestNGPractice1" name="deleteCustomer" time="0.002"/>
  <testcase classname="Practice.TestNGPractice1" name="modifyCustomer" time="0.015"/>
  <testcase classname="Practice.TestNGPractice1" name="deleteCustomer" time="0.006"/>
</testsuite> <!-- Practice.TestNGPractice1 -->
