<?xml version="1.0" encoding="UTF-8"?>
<!-- Generated by org.testng.reporters.JUnitReportReporter -->
<testsuite hostname="DESKTOP-3KP0749" failures="0" tests="1" name="ConatctsTests.CreateContactTest" time="59.831" errors="0" timestamp="2024-01-08T11:33:27 IST" skipped="0">
  <testcase classname="ConatctsTests.CreateContactTest" name="createContactWithMandatoryFields" time="59.831"/>
</testsuite> <!-- ConatctsTests.CreateContactTest -->
