<?xml version="1.0" encoding="UTF-8"?>
<!-- Generated by org.testng.reporters.JUnitReportReporter -->
<testsuite hostname="DESKTOP-3KP0749" failures="0" tests="3" name="Practice.TestNGPractice03_01" time="0.046" errors="0" timestamp="2024-01-08T11:01:01 IST" skipped="0">
  <testcase classname="Practice.TestNGPractice03_01" name="sample" time="0.025"/>
  <testcase classname="Practice.TestNGPractice03_01" name="sample1" time="0.017"/>
  <testcase classname="Practice.TestNGPractice03_01" name="sample2" time="0.004"/>
</testsuite> <!-- Practice.TestNGPractice03_01 -->
